<?xml version="1.0" encoding="UTF-8"?>
<!-- Generated by org.testng.reporters.JUnitReportReporter -->
<testsuite hostname="suresh-pc" name="Actions.Actions_ActiveElementinpage" tests="1" failures="0" timestamp="22 Jun 2016 11:14:00 GMT" time="46.183" errors="0">
  <testcase name="Activeelement" time="46.183" classname="Actions.Actions_ActiveElementinpage"/>
</testsuite> <!-- Actions.Actions_ActiveElementinpage -->
