<?xml version="1.0" encoding="UTF-8"?>
<!-- Generated by org.testng.reporters.JUnitReportReporter -->
<testsuite hostname="suresh-pc" name="WindowsHandler.TestWindowHandler" tests="1" failures="0" timestamp="28 Jun 2016 12:37:34 GMT" time="22.395" errors="0">
  <testcase name="TestWin" time="22.395" classname="WindowsHandler.TestWindowHandler"/>
</testsuite> <!-- WindowsHandler.TestWindowHandler -->
