<?xml version="1.0" encoding="UTF-8"?>
<!-- Generated by org.testng.reporters.JUnitReportReporter -->
<testsuite hostname="suresh-pc" name="Sikuli_WindowsConcpets.Gmail_Compose" tests="1" failures="0" timestamp="30 Jun 2016 09:46:27 GMT" time="57.355" errors="0">
  <testcase name="mail_Mail_attachment" time="57.355" classname="Sikuli_WindowsConcpets.Gmail_Compose"/>
</testsuite> <!-- Sikuli_WindowsConcpets.Gmail_Compose -->
