<?xml version="1.0" encoding="UTF-8"?>
<!-- Generated by org.testng.reporters.JUnitReportReporter -->
<testsuite hostname="suresh-pc" name="Sikuli_WindowsConcpets.FileAttachments" tests="1" failures="0" timestamp="30 Jun 2016 09:12:03 GMT" time="58.237" errors="0">
  <testcase name="mail_Mail_attachment" time="58.237" classname="Sikuli_WindowsConcpets.FileAttachments"/>
</testsuite> <!-- Sikuli_WindowsConcpets.FileAttachments -->
