<?xml version="1.0" encoding="UTF-8"?>
<!-- Generated by org.testng.reporters.JUnitReportReporter -->
<testsuite hostname="suresh-pc" name="E_CommerceSites.IMageListIninSite" tests="1" failures="0" timestamp="10 Jun 2016 09:42:35 GMT" time="17.802" errors="0">
  <testcase name="GetImages" time="17.802" classname="E_CommerceSites.IMageListIninSite"/>
</testsuite> <!-- E_CommerceSites.IMageListIninSite -->
